###############################################################################
#                                                                             #
# IAR C/C++ Compiler V5.60.5.50814/W32 for MSP430       21/Mar/2014  15:50:42 #
# Copyright 1996-2013 IAR Systems AB.                                         #
#                                                                             #
#    __rt_version  =  3                                                       #
#    __double_size =  32                                                      #
#    __reg_r4      =  free                                                    #
#    __reg_r5      =  free                                                    #
#    __pic         =  no                                                      #
#    __core        =  430X                                                    #
#    __data_model  =  small                                                   #
#    Source file   =  K:\ece306\Projects\Project5\init.c                      #
#    Command line  =  K:\ece306\Projects\Project5\init.c -lC                  #
#                     K:\ece306\Projects\Project5\Debug\List\ -o              #
#                     K:\ece306\Projects\Project5\Debug\Obj\ --no_cse         #
#                     --no_unroll --no_inline --no_code_motion --no_tbaa      #
#                     --debug -D__MSP430FR5739__ -e --double=32               #
#                     --dlib_config "C:\Program Files (x86)\IAR               #
#                     Systems\Embedded Workbench                              #
#                     6.5\430\LIB\DLIB\dl430xsfn.h" --core=430X               #
#                     --data_model=small -Ol --multiplier=32                  #
#                     --multiplier_location=4C0 --hw_workaround=CPU40         #
#    List file     =  K:\ece306\Projects\Project5\Debug\List\init.lst         #
#    Object file   =  K:\ece306\Projects\Project5\Debug\Obj\init.r43          #
#                                                                             #
#                                                                             #
###############################################################################

K:\ece306\Projects\Project5\init.c
      1          /******************************************************************************
      2           Initializations Configurations
      3           Currently, just enables interrupts
      4          
      5           No globals used
      6          ******************************************************************************/
      7          
      8          #include  "functions.h"
      9          #include  "macros.h"
     10          #include  "msp430.h"
     11          
     12          //Init_Conditions
     13          //
     14          //DESC: Calls a precompiled method that enables interrupts
     15          //ARGS: None
     16          //RET: None

   \                                 In  segment CODE, align 2
     17          void Init_Conditions(void)
   \                     Init_Conditions:
     18          {
     19          	enable_interrupts(); // Interrupts are disabled by default, this enables them 
   \   000000   ........     BRA     #enable_interrupts
     20          }
     21          

   Maximum stack usage in bytes:

   CSTACK Function
   ------ --------
      4   Init_Conditions
        4   -> enable_interrupts


   Segment part sizes:

   Bytes  Function/Label
   -----  --------------
       4  Init_Conditions

 
 4 bytes in segment CODE
 
 4 bytes of CODE memory

Errors: none
Warnings: none
